<?xml version="1.0" encoding="UTF-8"?>
<!-- Generated by org.testng.reporters.JUnitReportReporter -->
<testsuite hostname="vivek" failures="0" tests="1" name="testExecute.Test_DGLD_002_HF_US_GuestUser_Checkout_With_Creditcard" time="6.065" errors="0" timestamp="2025-06-20T16:26:44 IST" skipped="0">
  <testcase classname="testExecute.Test_DGLD_002_HF_US_GuestUser_Checkout_With_Creditcard" name="Validating_GuestUser_checkout_Functionality" time="6.065"/>
</testsuite> <!-- testExecute.Test_DGLD_002_HF_US_GuestUser_Checkout_With_Creditcard -->
