<?xml version="1.0" encoding="UTF-8"?>
<!-- Generated by org.testng.reporters.JUnitReportReporter -->
<testsuite hostname="vivek" failures="0" tests="1" name="testExecute.Test_DGLD_001_HF_US_RegisterUser_Checkout_With_Creditcard" time="13.139" errors="0" timestamp="2025-06-24T17:31:32 IST" skipped="0">
  <testcase classname="testExecute.Test_DGLD_001_HF_US_RegisterUser_Checkout_With_Creditcard" name="Validating_RegisterUser_checkout_Functionality" time="13.139"/>
</testsuite> <!-- testExecute.Test_DGLD_001_HF_US_RegisterUser_Checkout_With_Creditcard -->
