<?xml version="1.0" encoding="UTF-8"?>
<!-- Generated by org.testng.reporters.JUnitReportReporter -->
<testsuite hostname="vivek" failures="0" tests="2" name="testExecute.Test_DGLD_001_HF_US_RegisterUser_Checkout_With_CreditcardIP" time="16.860" errors="0" timestamp="2025-06-20T13:40:52 IST" skipped="0">
  <testcase classname="testExecute.Test_DGLD_001_HF_US_RegisterUser_Checkout_With_CreditcardIP" name="testWithIPhone" time="11.131"/>
  <testcase classname="testExecute.Test_DGLD_001_HF_US_RegisterUser_Checkout_With_CreditcardIP" name="testWithDesktop" time="5.729"/>
</testsuite> <!-- testExecute.Test_DGLD_001_HF_US_RegisterUser_Checkout_With_CreditcardIP -->
